This is pdfTeX, Version 3.14159265-2.6-1.40.20 (TeX Live 2019) (preloaded format=pdflatex 2020.1.20)  26 JUN 2020 12:43
entering extended mode
 restricted \write18 enabled.
 file:line:error style messages enabled.
 %&-line parsing enabled.
**/Users/natashatroth/Documents/FHS/6Semester/Bac2/git/Thesis/main.tex
(/Users/natashatroth/Documents/FHS/6Semester/Bac2/git/Thesis/main.tex
LaTeX2e <2019-10-01> patch level 3
(/Users/natashatroth/Documents/FHS/6Semester/Bac2/git/Thesis/mmt.cls
Document Class: mmt 2016/10/25 MultiMediaTechnology
(/usr/local/texlive/2019/texmf-dist/tex/generic/babel/babel.sty
Package: babel 2020/01/15 3.38 The Babel package
 (/usr/local/texlive/2019/texmf-dist/tex/generic/babel/switch.def
File: switch.def 2020/01/15 3.38 Babel switching mechanism
) (/usr/local/texlive/2019/texmf-dist/tex/generic/babel-german/ngerman.ldf
Language: ngerman 2018/12/08 v2.11 German support for babel (post-1996 orthography)
 (/usr/local/texlive/2019/texmf-dist/tex/generic/babel-german/ngermanb.ldf
Language: ngermanb 2018/12/08 v2.11 German support for babel (post-1996 orthography)
 (/usr/local/texlive/2019/texmf-dist/tex/generic/babel/babel.def
File: babel.def 2020/01/15 3.38 Babel common definitions
\babel@savecnt=\count80
\U@D=\dimen102
 (/usr/local/texlive/2019/texmf-dist/tex/generic/babel/txtbabel.def)
\bbl@readstream=\read1
\bbl@dirlevel=\count81
)
Package babel Info: Making " an active character on input line 121.
)) (/usr/local/texlive/2019/texmf-dist/tex/generic/babel-english/english.ldf
Language: english 2017/06/06 v3.3r English support from the babel system
Package babel Info: \l@canadian = using hyphenrules for english
(babel)             (\language0) on input line 102.
Package babel Info: \l@australian = using hyphenrules for ukenglish
(babel)             (\language21) on input line 105.
Package babel Info: \l@newzealand = using hyphenrules for ukenglish
(babel)             (\language21) on input line 108.
) (/usr/local/texlive/2019/texmf-dist/tex/generic/babel-english/english.ldf
Language: english 2017/06/06 v3.3r English support from the babel system
)) (/usr/local/texlive/2019/texmf-dist/tex/latex/base/article.cls
Document Class: article 2019/10/25 v1.4k Standard LaTeX document class
(/usr/local/texlive/2019/texmf-dist/tex/latex/base/size12.clo
File: size12.clo 2019/10/25 v1.4k Standard LaTeX file (size option)
)
\c@part=\count82
\c@section=\count83
\c@subsection=\count84
\c@subsubsection=\count85
\c@paragraph=\count86
\c@subparagraph=\count87
\c@figure=\count88
\c@table=\count89
\abovecaptionskip=\skip41
\belowcaptionskip=\skip42
\bibindent=\dimen103
) (/usr/local/texlive/2019/texmf-dist/tex/latex/geometry/geometry.sty
Package: geometry 2020/01/02 v5.9 Page Geometry
 (/usr/local/texlive/2019/texmf-dist/tex/latex/graphics/keyval.sty
Package: keyval 2014/10/28 v1.15 key=value parser (DPC)
\KV@toks@=\toks14
) (/usr/local/texlive/2019/texmf-dist/tex/generic/iftex/ifvtex.sty
Package: ifvtex 2019/10/25 v1.7 ifvtex legacy package. Use iftex instead.
 (/usr/local/texlive/2019/texmf-dist/tex/generic/iftex/iftex.sty
Package: iftex 2019/11/07 v1.0c TeX engine tests
))
\Gm@cnth=\count90
\Gm@cntv=\count91
\c@Gm@tempcnt=\count92
\Gm@bindingoffset=\dimen104
\Gm@wd@mp=\dimen105
\Gm@odd@mp=\dimen106
\Gm@even@mp=\dimen107
\Gm@layoutwidth=\dimen108
\Gm@layoutheight=\dimen109
\Gm@layouthoffset=\dimen110
\Gm@layoutvoffset=\dimen111
\Gm@dimlist=\toks15
)) (/usr/local/texlive/2019/texmf-dist/tex/latex/psnfss/mathptmx.sty
Package: mathptmx 2005/04/12 PSNFSS-v9.2a Times w/ Math, improved (SPQR, WaS) 
LaTeX Font Info:    Redeclaring symbol font `operators' on input line 28.
LaTeX Font Info:    Overwriting symbol font `operators' in version `normal'
(Font)                  OT1/cmr/m/n --> OT1/ztmcm/m/n on input line 28.
LaTeX Font Info:    Overwriting symbol font `operators' in version `bold'
(Font)                  OT1/cmr/bx/n --> OT1/ztmcm/m/n on input line 28.
LaTeX Font Info:    Redeclaring symbol font `letters' on input line 29.
LaTeX Font Info:    Overwriting symbol font `letters' in version `normal'
(Font)                  OML/cmm/m/it --> OML/ztmcm/m/it on input line 29.
LaTeX Font Info:    Overwriting symbol font `letters' in version `bold'
(Font)                  OML/cmm/b/it --> OML/ztmcm/m/it on input line 29.
LaTeX Font Info:    Redeclaring symbol font `symbols' on input line 30.
LaTeX Font Info:    Overwriting symbol font `symbols' in version `normal'
(Font)                  OMS/cmsy/m/n --> OMS/ztmcm/m/n on input line 30.
LaTeX Font Info:    Overwriting symbol font `symbols' in version `bold'
(Font)                  OMS/cmsy/b/n --> OMS/ztmcm/m/n on input line 30.
LaTeX Font Info:    Redeclaring symbol font `largesymbols' on input line 31.
LaTeX Font Info:    Overwriting symbol font `largesymbols' in version `normal'
(Font)                  OMX/cmex/m/n --> OMX/ztmcm/m/n on input line 31.
LaTeX Font Info:    Overwriting symbol font `largesymbols' in version `bold'
(Font)                  OMX/cmex/m/n --> OMX/ztmcm/m/n on input line 31.
\symbold=\mathgroup4
\symitalic=\mathgroup5
LaTeX Font Info:    Redeclaring math alphabet \mathbf on input line 34.
LaTeX Font Info:    Overwriting math alphabet `\mathbf' in version `normal'
(Font)                  OT1/cmr/bx/n --> OT1/ptm/bx/n on input line 34.
LaTeX Font Info:    Overwriting math alphabet `\mathbf' in version `bold'
(Font)                  OT1/cmr/bx/n --> OT1/ptm/bx/n on input line 34.
LaTeX Font Info:    Redeclaring math alphabet \mathit on input line 35.
LaTeX Font Info:    Overwriting math alphabet `\mathit' in version `normal'
(Font)                  OT1/cmr/m/it --> OT1/ptm/m/it on input line 35.
LaTeX Font Info:    Overwriting math alphabet `\mathit' in version `bold'
(Font)                  OT1/cmr/bx/it --> OT1/ptm/m/it on input line 35.
LaTeX Info: Redefining \hbar on input line 50.
) (/usr/local/texlive/2019/texmf-dist/tex/latex/graphics/graphicx.sty
Package: graphicx 2017/06/01 v1.1a Enhanced LaTeX Graphics (DPC,SPQR)
 (/usr/local/texlive/2019/texmf-dist/tex/latex/graphics/graphics.sty
Package: graphics 2019/11/01 v1.3d Standard LaTeX Graphics (DPC,SPQR)
 (/usr/local/texlive/2019/texmf-dist/tex/latex/graphics/trig.sty
Package: trig 2016/01/03 v1.10 sin cos tan (DPC)
) (/usr/local/texlive/2019/texmf-dist/tex/latex/graphics-cfg/graphics.cfg
File: graphics.cfg 2016/06/04 v1.11 sample graphics configuration
)
Package graphics Info: Driver file: pdftex.def on input line 105.
 (/usr/local/texlive/2019/texmf-dist/tex/latex/graphics-def/pdftex.def
File: pdftex.def 2018/01/08 v1.0l Graphics/color driver for pdftex
))
\Gin@req@height=\dimen112
\Gin@req@width=\dimen113
) (/usr/local/texlive/2019/texmf-dist/tex/latex/psnfss/times.sty
Package: times 2005/04/12 PSNFSS-v9.2a (SPQR) 
) (/usr/local/texlive/2019/texmf-dist/tex/latex/float/float.sty
Package: float 2001/11/08 v1.3d Float enhancements (AL)
\c@float@type=\count93
\float@exts=\toks16
\float@box=\box27
\@float@everytoks=\toks17
\@floatcapt=\box28
) (/usr/local/texlive/2019/texmf-dist/tex/latex/base/inputenc.sty
Package: inputenc 2018/08/11 v1.3c Input encoding file
\inpenc@prehook=\toks18
\inpenc@posthook=\toks19
) (/usr/local/texlive/2019/texmf-dist/tex/latex/listings/listings.sty
\lst@mode=\count94
\lst@gtempboxa=\box29
\lst@token=\toks20
\lst@length=\count95
\lst@currlwidth=\dimen114
\lst@column=\count96
\lst@pos=\count97
\lst@lostspace=\dimen115
\lst@width=\dimen116
\lst@newlines=\count98
\lst@lineno=\count99
\lst@maxwidth=\dimen117
 (/usr/local/texlive/2019/texmf-dist/tex/latex/listings/lstmisc.sty
File: lstmisc.sty 2019/09/10 1.8c (Carsten Heinz)
\c@lstnumber=\count100
\lst@skipnumbers=\count101
\lst@framebox=\box30
) (/usr/local/texlive/2019/texmf-dist/tex/latex/listings/listings.cfg
File: listings.cfg 2019/09/10 1.8c listings configuration
))
Package: listings 2019/09/10 1.8c (Carsten Heinz)
 (/usr/local/texlive/2019/texmf-dist/tex/latex/makecell/makecell.sty
Package: makecell 2009/08/03 V0.1e Managing of Tab Column Heads and Cells
 (/usr/local/texlive/2019/texmf-dist/tex/latex/tools/array.sty
Package: array 2019/08/31 v2.4l Tabular extension package (FMi)
\col@sep=\dimen118
\ar@mcellbox=\box31
\extrarowheight=\dimen119
\NC@list=\toks21
\extratabsurround=\skip43
\backup@length=\skip44
\ar@cellbox=\box32
)
\rotheadsize=\dimen120
\c@nlinenum=\count102
\TeXr@lab=\toks22
) (/usr/local/texlive/2019/texmf-dist/tex/latex/appendix/appendix.sty
Package: appendix 2009/09/02 v1.2b extra appendix facilities
\c@@pps=\count103
\c@@ppsavesec=\count104
\c@@ppsaveapp=\count105
) (/usr/local/texlive/2019/texmf-dist/tex/latex/hyperref/hyperref.sty
Package: hyperref 2019/11/10 v7.00c Hypertext links for LaTeX
 (/usr/local/texlive/2019/texmf-dist/tex/generic/ltxcmds/ltxcmds.sty
Package: ltxcmds 2019/12/15 v1.24 LaTeX kernel commands for general use (HO)
) (/usr/local/texlive/2019/texmf-dist/tex/latex/pdftexcmds/pdftexcmds.sty
Package: pdftexcmds 2019/11/24 v0.31 Utility functions of pdfTeX for LuaTeX (HO)
 (/usr/local/texlive/2019/texmf-dist/tex/generic/infwarerr/infwarerr.sty
Package: infwarerr 2019/12/03 v1.5 Providing info/warning/error messages (HO)
)
Package pdftexcmds Info: \pdf@primitive is available.
Package pdftexcmds Info: \pdf@ifprimitive is available.
Package pdftexcmds Info: \pdfdraftmode found.
) (/usr/local/texlive/2019/texmf-dist/tex/generic/kvsetkeys/kvsetkeys.sty
Package: kvsetkeys 2019/12/15 v1.18 Key value parser (HO)
) (/usr/local/texlive/2019/texmf-dist/tex/generic/kvdefinekeys/kvdefinekeys.sty
Package: kvdefinekeys 2019-12-19 v1.6 Define keys (HO)
) (/usr/local/texlive/2019/texmf-dist/tex/generic/pdfescape/pdfescape.sty
Package: pdfescape 2019/12/09 v1.15 Implements pdfTeX's escape features (HO)
) (/usr/local/texlive/2019/texmf-dist/tex/latex/hycolor/hycolor.sty
Package: hycolor 2019/12/15 v1.9 Color options for hyperref/bookmark (HO)
 (/usr/local/texlive/2019/texmf-dist/tex/latex/hycolor/xcolor-patch.sty
Package: xcolor-patch 2019/12/15 xcolor patch
 (/usr/local/texlive/2019/texmf-dist/tex/latex/oberdiek/hopatch.sty
Package: hopatch 2016/05/16 v1.3 Wrapper for package hooks (HO)
))) (/usr/local/texlive/2019/texmf-dist/tex/latex/letltxmacro/letltxmacro.sty
Package: letltxmacro 2019/12/03 v1.6 Let assignment for LaTeX macros (HO)
) (/usr/local/texlive/2019/texmf-dist/tex/latex/auxhook/auxhook.sty
Package: auxhook 2019-12-17 v1.6 Hooks for auxiliary files (HO)
) (/usr/local/texlive/2019/texmf-dist/tex/latex/kvoptions/kvoptions.sty
Package: kvoptions 2019/11/29 v3.13 Key value format for package options (HO)
)
\@linkdim=\dimen121
\Hy@linkcounter=\count106
\Hy@pagecounter=\count107
 (/usr/local/texlive/2019/texmf-dist/tex/latex/hyperref/pd1enc.def
File: pd1enc.def 2019/11/10 v7.00c Hyperref: PDFDocEncoding definition (HO)
Now handling font encoding PD1 ...
... no UTF-8 mapping file for font encoding PD1
) (/usr/local/texlive/2019/texmf-dist/tex/generic/intcalc/intcalc.sty
Package: intcalc 2019/12/15 v1.3 Expandable calculations with integers (HO)
) (/usr/local/texlive/2019/texmf-dist/tex/generic/etexcmds/etexcmds.sty
Package: etexcmds 2019/12/15 v1.7 Avoid name clashes with e-TeX commands (HO)
)
\Hy@SavedSpaceFactor=\count108
 (/usr/local/texlive/2019/texmf-dist/tex/latex/latexconfig/hyperref.cfg
File: hyperref.cfg 2002/06/06 v1.2 hyperref configuration of TeXLive
)
Package hyperref Info: Hyper figures OFF on input line 4535.
Package hyperref Info: Link nesting OFF on input line 4540.
Package hyperref Info: Hyper index ON on input line 4543.
Package hyperref Info: Plain pages OFF on input line 4550.
Package hyperref Info: Backreferencing OFF on input line 4555.
Package hyperref Info: Implicit mode ON; LaTeX internals redefined.
Package hyperref Info: Bookmarks ON on input line 4788.
\c@Hy@tempcnt=\count109
 (/usr/local/texlive/2019/texmf-dist/tex/latex/url/url.sty
\Urlmuskip=\muskip10
Package: url 2013/09/16  ver 3.4  Verb mode for urls, etc.
)
LaTeX Info: Redefining \url on input line 5147.
\XeTeXLinkMargin=\dimen122
 (/usr/local/texlive/2019/texmf-dist/tex/generic/bitset/bitset.sty
Package: bitset 2019/12/09 v1.3 Handle bit-vector datatype (HO)
 (/usr/local/texlive/2019/texmf-dist/tex/generic/bigintcalc/bigintcalc.sty
Package: bigintcalc 2019/12/15 v1.5 Expandable calculations on big integers (HO)
))
\Fld@menulength=\count110
\Field@Width=\dimen123
\Fld@charsize=\dimen124
Package hyperref Info: Hyper figures OFF on input line 6418.
Package hyperref Info: Link nesting OFF on input line 6423.
Package hyperref Info: Hyper index ON on input line 6426.
Package hyperref Info: backreferencing OFF on input line 6433.
Package hyperref Info: Link coloring OFF on input line 6438.
Package hyperref Info: Link coloring with OCG OFF on input line 6443.
Package hyperref Info: PDF/A mode OFF on input line 6448.
LaTeX Info: Redefining \ref on input line 6488.
LaTeX Info: Redefining \pageref on input line 6492.
 (/usr/local/texlive/2019/texmf-dist/tex/generic/atbegshi/atbegshi.sty
Package: atbegshi 2019/12/05 v1.19 At begin shipout hook (HO)
)
\Hy@abspage=\count111
\c@Item=\count112
\c@Hfootnote=\count113
)
Package hyperref Info: Driver (autodetected): hpdftex.
 (/usr/local/texlive/2019/texmf-dist/tex/latex/hyperref/hpdftex.def
File: hpdftex.def 2019/11/10 v7.00c Hyperref driver for pdfTeX
 (/usr/local/texlive/2019/texmf-dist/tex/latex/atveryend/atveryend.sty
Package: atveryend 2019-12-11 v1.11 Hooks at the very end of document (HO)
Package atveryend Info: \enddocument detected (standard20110627).
)
\Fld@listcount=\count114
\c@bookmark@seq@number=\count115
 (/usr/local/texlive/2019/texmf-dist/tex/latex/rerunfilecheck/rerunfilecheck.sty
Package: rerunfilecheck 2019/12/05 v1.9 Rerun checks for auxiliary files (HO)
 (/usr/local/texlive/2019/texmf-dist/tex/generic/uniquecounter/uniquecounter.sty
Package: uniquecounter 2019/12/15 v1.4 Provide unlimited unique counter (HO)
)
Package uniquecounter Info: New unique counter `rerunfilecheck' on input line 286.
)
\Hy@SectionHShift=\skip45
) (/usr/local/texlive/2019/texmf-dist/tex/latex/amsfonts/amssymb.sty
Package: amssymb 2013/01/14 v3.01 AMS font symbols
 (/usr/local/texlive/2019/texmf-dist/tex/latex/amsfonts/amsfonts.sty
Package: amsfonts 2013/01/14 v3.01 Basic AMSFonts support
\@emptytoks=\toks23
\symAMSa=\mathgroup6
\symAMSb=\mathgroup7
LaTeX Font Info:    Overwriting math alphabet `\mathfrak' in version `bold'
(Font)                  U/euf/m/n --> U/euf/b/n on input line 106.
)) (/usr/local/texlive/2019/texmf-dist/tex/latex/titlesec/titlesec.sty
Package: titlesec 2019/10/16 v2.13 Sectioning titles
\ttl@box=\box33
\beforetitleunit=\skip46
\aftertitleunit=\skip47
\ttl@plus=\dimen125
\ttl@minus=\dimen126
\ttl@toksa=\toks24
\titlewidth=\dimen127
\titlewidthlast=\dimen128
\titlewidthfirst=\dimen129
) (/usr/local/texlive/2019/texmf-dist/tex/latex/caption/caption.sty
Package: caption 2020/01/03 v3.4h Customizing captions (AR)
 (/usr/local/texlive/2019/texmf-dist/tex/latex/caption/caption3.sty
Package: caption3 2020/01/03 v1.8h caption3 kernel (AR)
Package caption3 Info: TeX engine: e-TeX on input line 61.
\captionmargin=\dimen130
\captionmargin@=\dimen131
\captionwidth=\dimen132
\caption@tempdima=\dimen133
\caption@indent=\dimen134
\caption@parindent=\dimen135
\caption@hangindent=\dimen136
Package caption Info: Standard document class detected.
)
\c@caption@flags=\count116
\c@continuedfloat=\count117
Package caption Info: float package is loaded.
Package caption Info: hyperref package is loaded.
Package caption Info: listings package is loaded.
) (/usr/local/texlive/2019/texmf-dist/tex/latex/caption/subcaption.sty
Package: subcaption 2020/01/03 v1.3b Sub-captions (AR)
\c@subfigure=\count118
\c@subtable=\count119
) (/usr/local/texlive/2019/texmf-dist/tex/latex/adjustbox/adjustbox.sty
Package: adjustbox 2019/01/04 v1.2 Adjusting TeX boxes (trim, clip, ...)
 (/usr/local/texlive/2019/texmf-dist/tex/latex/xkeyval/xkeyval.sty
Package: xkeyval 2014/12/03 v2.7a package option processing (HA)
 (/usr/local/texlive/2019/texmf-dist/tex/generic/xkeyval/xkeyval.tex (/usr/local/texlive/2019/texmf-dist/tex/generic/xkeyval/xkvutils.tex
\XKV@toks=\toks25
\XKV@tempa@toks=\toks26
)
\XKV@depth=\count120
File: xkeyval.tex 2014/12/03 v2.7a key=value parser (HA)
)) (/usr/local/texlive/2019/texmf-dist/tex/latex/adjustbox/adjcalc.sty
Package: adjcalc 2012/05/16 v1.1 Provides advanced setlength with multiple back-ends (calc, etex, pgfmath)
) (/usr/local/texlive/2019/texmf-dist/tex/latex/adjustbox/trimclip.sty
Package: trimclip 2018/04/08 v1.1 Trim and clip general TeX material
 (/usr/local/texlive/2019/texmf-dist/tex/latex/collectbox/collectbox.sty
Package: collectbox 2012/05/17 v0.4b Collect macro arguments as boxes
\collectedbox=\box34
)
\tc@llx=\dimen137
\tc@lly=\dimen138
\tc@urx=\dimen139
\tc@ury=\dimen140
Package trimclip Info: Using driver 'tc-pdftex.def'.
 (/usr/local/texlive/2019/texmf-dist/tex/latex/adjustbox/tc-pdftex.def
File: tc-pdftex.def 2019/01/04 v2.2 Clipping driver for pdftex
))
\adjbox@Width=\dimen141
\adjbox@Height=\dimen142
\adjbox@Depth=\dimen143
\adjbox@Totalheight=\dimen144
\adjbox@pwidth=\dimen145
\adjbox@pheight=\dimen146
\adjbox@pdepth=\dimen147
\adjbox@ptotalheight=\dimen148
 (/usr/local/texlive/2019/texmf-dist/tex/latex/ifoddpage/ifoddpage.sty
Package: ifoddpage 2016/04/23 v1.1 Conditionals for odd/even page detection
\c@checkoddpage=\count121
) (/usr/local/texlive/2019/texmf-dist/tex/latex/varwidth/varwidth.sty
Package: varwidth 2009/03/30 ver 0.92;  Variable-width minipages
\@vwid@box=\box35
\sift@deathcycles=\count122
\@vwid@loff=\dimen149
\@vwid@roff=\dimen150
))
Package hyperref Info: Option `colorlinks' set `true' on input line 46.
 (/usr/local/texlive/2019/texmf-dist/tex/latex/breakurl/breakurl.sty
Package: breakurl 2013/04/10 v1.40 Breakable hyperref URLs
 (/usr/local/texlive/2019/texmf-dist/tex/generic/iftex/ifpdf.sty
Package: ifpdf 2019/10/25 v3.4 ifpdf legacy package. Use iftex instead.
)

Package breakurl Warning: You are using breakurl while processing via pdflatex.
(breakurl)                \burl will be just a synonym of \url.
(breakurl)                 on input line 48.

) (/usr/local/texlive/2019/texmf-dist/tex/latex/amsmath/amsmath.sty
Package: amsmath 2019/11/16 v2.17d AMS math features
\@mathmargin=\skip48

For additional information on amsmath, use the `?' option.
(/usr/local/texlive/2019/texmf-dist/tex/latex/amsmath/amstext.sty
Package: amstext 2000/06/29 v2.01 AMS text
 (/usr/local/texlive/2019/texmf-dist/tex/latex/amsmath/amsgen.sty
File: amsgen.sty 1999/11/30 v2.0 generic functions
\@emptytoks=\toks27
\ex@=\dimen151
)) (/usr/local/texlive/2019/texmf-dist/tex/latex/amsmath/amsbsy.sty
Package: amsbsy 1999/11/29 v1.2d Bold Symbols
\pmbraise@=\dimen152
) (/usr/local/texlive/2019/texmf-dist/tex/latex/amsmath/amsopn.sty
Package: amsopn 2016/03/08 v2.02 operator names
)
\inf@bad=\count123
LaTeX Info: Redefining \frac on input line 227.
\uproot@=\count124
\leftroot@=\count125
LaTeX Info: Redefining \overline on input line 389.
\classnum@=\count126
\DOTSCASE@=\count127
LaTeX Info: Redefining \ldots on input line 486.
LaTeX Info: Redefining \dots on input line 489.
LaTeX Info: Redefining \cdots on input line 610.
\Mathstrutbox@=\box36
\strutbox@=\box37
\big@size=\dimen153
LaTeX Font Info:    Redeclaring font encoding OML on input line 733.
LaTeX Font Info:    Redeclaring font encoding OMS on input line 734.
\macc@depth=\count128
\c@MaxMatrixCols=\count129
\dotsspace@=\muskip11
\c@parentequation=\count130
\dspbrk@lvl=\count131
\tag@help=\toks28
\row@=\count132
\column@=\count133
\maxfields@=\count134
\andhelp@=\toks29
\eqnshift@=\dimen154
\alignsep@=\dimen155
\tagshift@=\dimen156
\tagwidth@=\dimen157
\totwidth@=\dimen158
\lineht@=\dimen159
\@envbody=\toks30
\multlinegap=\skip49
\multlinetaggap=\skip50
\mathdisplay@stack=\toks31
LaTeX Info: Redefining \[ on input line 2858.
LaTeX Info: Redefining \] on input line 2859.
) (/usr/local/texlive/2019/texmf-dist/tex/latex/csquotes/csquotes.sty
Package: csquotes 2019-12-06 v5.2j context-sensitive quotations (JAW)
 (/usr/local/texlive/2019/texmf-dist/tex/latex/etoolbox/etoolbox.sty
Package: etoolbox 2019/09/21 v2.5h e-TeX tools for LaTeX (JAW)
\etb@tempcnta=\count135
)
\csq@reset=\count136
\csq@gtype=\count137
\csq@glevel=\count138
\csq@qlevel=\count139
\csq@maxlvl=\count140
\csq@tshold=\count141
\csq@ltx@everypar=\toks32
 (/usr/local/texlive/2019/texmf-dist/tex/latex/csquotes/csquotes.def
File: csquotes.def 2019-12-06 v5.2j csquotes generic definitions (JAW)
)
Package csquotes Info: Trying to load configuration file 'csquotes.cfg'...
Package csquotes Info: ... configuration file loaded successfully.
 (/usr/local/texlive/2019/texmf-dist/tex/latex/csquotes/csquotes.cfg
File: csquotes.cfg 
)
Package csquotes Info: Enabling multilingual quotes.
Package csquotes Info: Redefining alias 'german' -> 'german/guillemets'.
) (/usr/local/texlive/2019/texmf-dist/tex/latex/frankenstein/abbrevs.sty
Package: abbrevs 2001/09/08 v1.4 abbreviation macros (Frankenstein's briefs)
 (/usr/local/texlive/2019/texmf-dist/tex/latex/frankenstein/moredefs.sty
Package: moredefs 2001/08/31 v1.8 more defining commands (Frankenstein's brain)
\sc@toks@a=\toks33
\sc@toks@b=\toks34
) (/usr/local/texlive/2019/texmf-dist/tex/latex/frankenstein/slemph.sty
Package: slemph 1999/02/25 v1.2 slanted emphasis (Frankenstein's gait)
LaTeX Info: Redefining \itswitch on input line 177.
LaTeX Info: Redefining \slswitch on input line 186.
LaTeX Info: Redefining \textitswitch on input line 195.
LaTeX Info: Redefining \textslswitch on input line 196.
 (/usr/local/texlive/2019/texmf-dist/tex/latex/frankenstein/slemph.cfg
File: slemph.cfg 
))
\c@tm@util=\count142
 (/usr/local/texlive/2019/texmf-dist/tex/latex/frankenstein/abbrevs.cfg
File: abbrevs.cfg 
 (/usr/local/texlive/2019/texmf-dist/tex/latex/relsize/relsize.sty
Package: relsize 2013/03/29 ver 4.1
))) (/usr/local/texlive/2019/texmf-dist/tex/latex/graphics/color.sty
Package: color 2016/07/10 v1.1e Standard LaTeX Color (DPC)
 (/usr/local/texlive/2019/texmf-dist/tex/latex/graphics-cfg/color.cfg
File: color.cfg 2016/01/02 v1.6 sample color configuration
)
Package color Info: Driver file: pdftex.def on input line 147.
) (/usr/local/texlive/2019/texmf-dist/tex/latex/biblatex-chicago/biblatex-chicago.sty
Package: biblatex-chicago 2018/01/10 v 3.10 biblatex style
 (/usr/local/texlive/2019/texmf-dist/tex/latex/biblatex/biblatex.sty
Package: biblatex 2019/12/01 v3.14 programmable bibliographies (PK/MW)
 (/usr/local/texlive/2019/texmf-dist/tex/latex/logreq/logreq.sty
Package: logreq 2010/08/04 v1.0 xml request logger
\lrq@indent=\count143
 (/usr/local/texlive/2019/texmf-dist/tex/latex/logreq/logreq.def
File: logreq.def 2010/08/04 v1.0 logreq spec v1.0
)) (/usr/local/texlive/2019/texmf-dist/tex/latex/base/ifthen.sty
Package: ifthen 2014/09/29 v1.1c Standard LaTeX ifthen package (DPC)
)
\c@tabx@nest=\count144
\c@listtotal=\count145
\c@listcount=\count146
\c@liststart=\count147
\c@liststop=\count148
\c@citecount=\count149
\c@citetotal=\count150
\c@multicitecount=\count151
\c@multicitetotal=\count152
\c@instcount=\count153
\c@maxnames=\count154
\c@minnames=\count155
\c@maxitems=\count156
\c@minitems=\count157
\c@citecounter=\count158
\c@maxcitecounter=\count159
\c@savedcitecounter=\count160
\c@uniquelist=\count161
\c@uniquename=\count162
\c@refsection=\count163
\c@refsegment=\count164
\c@maxextratitle=\count165
\c@maxextratitleyear=\count166
\c@maxextraname=\count167
\c@maxextradate=\count168
\c@maxextraalpha=\count169
\c@abbrvpenalty=\count170
\c@highnamepenalty=\count171
\c@lownamepenalty=\count172
\c@maxparens=\count173
\c@parenlevel=\count174
\blx@tempcnta=\count175
\blx@tempcntb=\count176
\blx@tempcntc=\count177
\blx@maxsection=\count178
\blx@maxsegment@0=\count179
\blx@notetype=\count180
\blx@parenlevel@text=\count181
\blx@parenlevel@foot=\count182
\blx@sectionciteorder@0=\count183
\blx@entrysetcounter=\count184
\labelnumberwidth=\skip51
\labelalphawidth=\skip52
\biblabelsep=\skip53
\bibitemsep=\skip54
\bibnamesep=\skip55
\bibinitsep=\skip56
\bibparsep=\skip57
\bibhang=\skip58
\blx@bcfin=\read2
\blx@bcfout=\write3
\blx@langwohyphens=\language85
\c@mincomprange=\count185
\c@maxcomprange=\count186
\c@mincompwidth=\count187
Package biblatex Info: Trying to load biblatex default data model...
Package biblatex Info: ... file 'blx-dm.def' found.
 (/usr/local/texlive/2019/texmf-dist/tex/latex/biblatex/blx-dm.def
File: blx-dm.def 2019/12/01 v3.14 biblatex localization (PK/MW)
)
Package biblatex Info: Trying to load biblatex style data model...
Package biblatex Info: ... file 'chicago-authordate.dbx' not found.
Package biblatex Info: Trying to load biblatex custom data model...
Package biblatex Info: ... file 'biblatex-dm.cfg' not found.
\c@afterword=\count188
\c@savedafterword=\count189
\c@annotator=\count190
\c@savedannotator=\count191
\c@author=\count192
\c@savedauthor=\count193
\c@bookauthor=\count194
\c@savedbookauthor=\count195
\c@commentator=\count196
\c@savedcommentator=\count197
\c@editor=\count198
\c@savededitor=\count199
\c@editora=\count266
\c@savededitora=\count267
\c@editorb=\count268
\c@savededitorb=\count269
\c@editorc=\count270
\c@savededitorc=\count271
\c@foreword=\count272
\c@savedforeword=\count273
\c@holder=\count274
\c@savedholder=\count275
\c@introduction=\count276
\c@savedintroduction=\count277
\c@namea=\count278
\c@savednamea=\count279
\c@nameb=\count280
\c@savednameb=\count281
\c@namec=\count282
\c@savednamec=\count283
\c@translator=\count284
\c@savedtranslator=\count285
\c@shortauthor=\count286
\c@savedshortauthor=\count287
\c@shorteditor=\count288
\c@savedshorteditor=\count289
\c@labelname=\count290
\c@savedlabelname=\count291
\c@institution=\count292
\c@savedinstitution=\count293
\c@lista=\count294
\c@savedlista=\count295
\c@listb=\count296
\c@savedlistb=\count297
\c@listc=\count298
\c@savedlistc=\count299
\c@listd=\count300
\c@savedlistd=\count301
\c@liste=\count302
\c@savedliste=\count303
\c@listf=\count304
\c@savedlistf=\count305
\c@location=\count306
\c@savedlocation=\count307
\c@organization=\count308
\c@savedorganization=\count309
\c@origlocation=\count310
\c@savedoriglocation=\count311
\c@origpublisher=\count312
\c@savedorigpublisher=\count313
\c@publisher=\count314
\c@savedpublisher=\count315
\c@language=\count316
\c@savedlanguage=\count317
\c@origlanguage=\count318
\c@savedoriglanguage=\count319
\c@pageref=\count320
\c@savedpageref=\count321
\shorthandwidth=\skip59
\shortjournalwidth=\skip60
\shortserieswidth=\skip61
\shorttitlewidth=\skip62
\shortauthorwidth=\skip63
\shorteditorwidth=\skip64
\locallabelnumberwidth=\skip65
\locallabelalphawidth=\skip66
\localshorthandwidth=\skip67
\localshortjournalwidth=\skip68
\localshortserieswidth=\skip69
\localshorttitlewidth=\skip70
\localshortauthorwidth=\skip71
\localshorteditorwidth=\skip72
Package biblatex Info: Trying to load compatibility code...
Package biblatex Info: ... file 'blx-compat.def' found.
 (/usr/local/texlive/2019/texmf-dist/tex/latex/biblatex/blx-compat.def
File: blx-compat.def 2019/12/01 v3.14 biblatex compatibility (PK/MW)
)
Package biblatex Info: Trying to load generic definitions...
Package biblatex Info: ... file 'biblatex.def' found.
 (/usr/local/texlive/2019/texmf-dist/tex/latex/biblatex/biblatex.def
File: biblatex.def 2019/12/01 v3.14 biblatex compatibility (PK/MW)
\c@textcitecount=\count322
\c@textcitetotal=\count323
\c@textcitemaxnames=\count324
\c@biburlbigbreakpenalty=\count325
\c@biburlbreakpenalty=\count326
\c@biburlnumpenalty=\count327
\c@biburlucpenalty=\count328
\c@biburllcpenalty=\count329
\biburlbigskip=\muskip12
\biburlnumskip=\muskip13
\biburlucskip=\muskip14
\biburllcskip=\muskip15
\c@smartand=\count330
)
Package biblatex Info: Trying to load bibliography style 'chicago-authordate'...
Package biblatex Info: ... file 'chicago-authordate.bbx' found.
 (/usr/local/texlive/2019/texmf-dist/tex/latex/biblatex-chicago/chicago-authordate.bbx
File: chicago-authordate.bbx 2018/01/11 v 3.10 biblatex bibliography style
\lositemsep=\skip73
\c@bbx:relatedcount=\count331
\c@bbx:relatedtotal=\count332
)
Package biblatex Info: Trying to load citation style 'chicago-authordate'...
Package biblatex Info: ... file 'chicago-authordate.cbx' found.
 (/usr/local/texlive/2019/texmf-dist/tex/latex/biblatex-chicago/chicago-authordate.cbx
File: chicago-authordate.cbx 2018/01/11 v 3.10 biblatex citation style
Package biblatex Info: Trying to load citation style 'chicago-dates-common'...
Package biblatex Info: ... file 'chicago-dates-common.cbx' found.
 (/usr/local/texlive/2019/texmf-dist/tex/latex/biblatex-chicago/chicago-dates-common.cbx
File: chicago-dates-common.cbx 2018/01/11 v 3.10 biblatex citation style
Package biblatex Info: Redefining '\cite'.
Package biblatex Info: Redefining '\parencite'.
Package biblatex Info: Redefining '\footcite'.
Package biblatex Info: Redefining '\footcitetext'.
Package biblatex Info: Redefining '\footfullcite'.
Package biblatex Info: Redefining '\fullcite'.
Package biblatex Info: Redefining '\textcite'.
Package biblatex Info: Redefining '\textcites'.
Package biblatex Info: Redefining '\cites'.
Package biblatex Info: Redefining '\parencites'.
Package biblatex Info: Redefining '\footcites'.
Package biblatex Info: Redefining '\footcitetexts'.
Package biblatex Info: Patching 'autolang=other' option.
))
Package biblatex Info: Trying to load configuration file...
Package biblatex Info: ... file 'biblatex.cfg' found.
 (/usr/local/texlive/2019/texmf-dist/tex/latex/biblatex/biblatex.cfg
File: biblatex.cfg 
)))
\@input{_configuration.aux}
\openout2 = `_configuration.aux'.

(/Users/natashatroth/Documents/FHS/6Semester/Bac2/git/Thesis/_configuration.tex)
Package csquotes Info: Checking for multilingual support...
Package csquotes Info: ... found 'babel' package.
 (/Users/natashatroth/Documents/FHS/6Semester/Bac2/git/Thesis/main.aux

LaTeX Warning: Label `figure:OPTICSResultsReachabilityPlot' multiply defined.

)
\openout1 = `main.aux'.

LaTeX Font Info:    Checking defaults for OML/cmm/m/it on input line 152.
LaTeX Font Info:    ... okay on input line 152.
LaTeX Font Info:    Checking defaults for T1/cmr/m/n on input line 152.
LaTeX Font Info:    ... okay on input line 152.
LaTeX Font Info:    Checking defaults for OT1/cmr/m/n on input line 152.
LaTeX Font Info:    ... okay on input line 152.
LaTeX Font Info:    Checking defaults for OMS/cmsy/m/n on input line 152.
LaTeX Font Info:    ... okay on input line 152.
LaTeX Font Info:    Checking defaults for OMX/cmex/m/n on input line 152.
LaTeX Font Info:    ... okay on input line 152.
LaTeX Font Info:    Checking defaults for U/cmr/m/n on input line 152.
LaTeX Font Info:    ... okay on input line 152.
LaTeX Font Info:    Checking defaults for PD1/pdf/m/n on input line 152.
LaTeX Font Info:    ... okay on input line 152.
LaTeX Font Info:    Trying to load font information for OT1+ptm on input line 152.
 (/usr/local/texlive/2019/texmf-dist/tex/latex/psnfss/ot1ptm.fd
File: ot1ptm.fd 2001/06/04 font definitions for OT1/ptm.
)
*geometry* driver: auto-detecting
*geometry* detected driver: pdftex
*geometry* verbose mode - [ preamble ] result:
* driver: pdftex
* paper: <default>
* layout: <same size as paper>
* layoutoffset:(h,v)=(0.0pt,0.0pt)
* modes: includehead includefoot 
* h-part:(L,W,R)=(71.13188pt, 455.24411pt, 71.13188pt)
* v-part:(T,H,B)=(71.13188pt, 702.78308pt, 71.13188pt)
* \paperwidth=597.50787pt
* \paperheight=845.04684pt
* \textwidth=455.24411pt
* \textheight=635.78308pt
* \oddsidemargin=-1.1381pt
* \evensidemargin=-1.1381pt
* \topmargin=-1.1381pt
* \headheight=12.0pt
* \headsep=25.0pt
* \topskip=12.0pt
* \footskip=30.0pt
* \marginparwidth=35.0pt
* \marginparsep=10.0pt
* \columnsep=10.0pt
* \skip\footins=14.8pt plus 6.0pt minus 2.0pt
* \hoffset=0.0pt
* \voffset=0.0pt
* \mag=1000
* \@twocolumnfalse
* \@twosidefalse
* \@mparswitchfalse
* \@reversemarginfalse
* (1in=72.27pt=25.4mm, 1cm=28.453pt)

(/usr/local/texlive/2019/texmf-dist/tex/context/base/mkii/supp-pdf.mkii
[Loading MPS to PDF converter (version 2006.09.02).]
\scratchcounter=\count333
\scratchdimen=\dimen160
\scratchbox=\box38
\nofMPsegments=\count334
\nofMParguments=\count335
\everyMPshowfont=\toks35
\MPscratchCnt=\count336
\MPscratchDim=\dimen161
\MPnumerator=\count337
\makeMPintoPDFobject=\count338
\everyMPtoPDFconversion=\toks36
) (/usr/local/texlive/2019/texmf-dist/tex/latex/epstopdf-pkg/epstopdf-base.sty
Package: epstopdf-base 2019-12-09 v2.10 Base part for package epstopdf
 (/usr/local/texlive/2019/texmf-dist/tex/latex/grfext/grfext.sty
Package: grfext 2019/12/03 v1.3 Manage graphics extensions (HO)
)
Package epstopdf-base Info: Redefining graphics rule for `.eps' on input line 485.
Package grfext Info: Graphics extension search list:
(grfext)             [.pdf,.png,.jpg,.mps,.jpeg,.jbig2,.jb2,.PDF,.PNG,.JPG,.JPEG,.JBIG2,.JB2,.eps]
(grfext)             \AppendGraphicsExtensions on input line 504.
 (/usr/local/texlive/2019/texmf-dist/tex/latex/latexconfig/epstopdf-sys.cfg
File: epstopdf-sys.cfg 2010/07/13 v1.3 Configuration of (r)epstopdf for TeX Live
))
\c@lstlisting=\count339
\AtBeginShipoutBox=\box39
Package hyperref Info: Link coloring ON on input line 152.
 (/usr/local/texlive/2019/texmf-dist/tex/latex/hyperref/nameref.sty
Package: nameref 2019/09/16 v2.46 Cross-referencing by name of section
 (/usr/local/texlive/2019/texmf-dist/tex/latex/refcount/refcount.sty
Package: refcount 2019/12/15 v3.6 Data extraction from label references (HO)
) (/usr/local/texlive/2019/texmf-dist/tex/generic/gettitlestring/gettitlestring.sty
Package: gettitlestring 2019/12/15 v1.6 Cleanup title references (HO)
)
\c@section@level=\count340
)
LaTeX Info: Redefining \ref on input line 152.
LaTeX Info: Redefining \pageref on input line 152.
LaTeX Info: Redefining \nameref on input line 152.
 (/Users/natashatroth/Documents/FHS/6Semester/Bac2/git/Thesis/main.out) (/Users/natashatroth/Documents/FHS/6Semester/Bac2/git/Thesis/main.out)
\@outlinefile=\write4
\openout4 = `main.out'.

Package caption Info: Begin \AtBeginDocument code.
Package caption Info: End \AtBeginDocument code.
Package biblatex Info: Trying to load language 'english' -> 'cms-american'...
Package biblatex Info: ... file 'cms-american.lbx' found.
 (/usr/local/texlive/2019/texmf-dist/tex/latex/biblatex-chicago/cms-american.lbx
File: cms-american.lbx 2018/01/09 v 3.10 biblatex localization
Package biblatex Info: Trying to load language 'american'...
Package biblatex Info: ... file 'american.lbx' found.
 (/usr/local/texlive/2019/texmf-dist/tex/latex/biblatex/lbx/american.lbx
File: american.lbx 2019/12/01 v3.14 biblatex localization (PK/MW)
Package biblatex Info: Trying to load language 'english'...
Package biblatex Info: ... file 'english.lbx' found.
 (/usr/local/texlive/2019/texmf-dist/tex/latex/biblatex/lbx/english.lbx
File: english.lbx 2019/12/01 v3.14 biblatex localization (PK/MW)
))
Package biblatex Info: Trying to load language 'english'...
Package biblatex Info: ... file 'english.lbx' found.
 (/usr/local/texlive/2019/texmf-dist/tex/latex/biblatex/lbx/english.lbx
File: english.lbx 2019/12/01 v3.14 biblatex localization (PK/MW)
))
Package biblatex Info: Trying to load language 'ngerman' -> 'cms-ngerman'...
Package biblatex Info: ... file 'cms-ngerman.lbx' found.
 (/usr/local/texlive/2019/texmf-dist/tex/latex/biblatex-chicago/cms-ngerman.lbx
File: cms-ngerman.lbx 2018/01/09 v 3.10 biblatex localization
Package biblatex Info: Trying to load language 'ngerman'...
Package biblatex Info: ... file 'ngerman.lbx' found.
 (/usr/local/texlive/2019/texmf-dist/tex/latex/biblatex/lbx/ngerman.lbx
File: ngerman.lbx 2019/12/01 v3.14 biblatex localization (PK/MW)
Package biblatex Info: Trying to load language 'german' -> 'cms-german'...
Package biblatex Info: ... file 'cms-german.lbx' found.
 (/usr/local/texlive/2019/texmf-dist/tex/latex/biblatex-chicago/cms-german.lbx
File: cms-german.lbx 2018/01/09 v 3.10 biblatex localization
Package biblatex Info: Trying to load language 'german'...
Package biblatex Info: ... file 'german.lbx' found.
 (/usr/local/texlive/2019/texmf-dist/tex/latex/biblatex/lbx/german.lbx
File: german.lbx 2019/12/01 v3.14 biblatex localization (PK/MW)
)))
Package biblatex Info: Trying to load language 'ngerman'...
Package biblatex Info: ... file 'ngerman.lbx' found.
 (/usr/local/texlive/2019/texmf-dist/tex/latex/biblatex/lbx/ngerman.lbx
File: ngerman.lbx 2019/12/01 v3.14 biblatex localization (PK/MW)
Package biblatex Info: Trying to load language 'german' -> 'cms-german'...
Package biblatex Info: ... file 'cms-german.lbx' found.
 (/usr/local/texlive/2019/texmf-dist/tex/latex/biblatex-chicago/cms-german.lbx
File: cms-german.lbx 2018/01/09 v 3.10 biblatex localization
Package biblatex Info: Trying to load language 'german'...
Package biblatex Info: ... file 'german.lbx' found.
 (/usr/local/texlive/2019/texmf-dist/tex/latex/biblatex/lbx/german.lbx
File: german.lbx 2019/12/01 v3.14 biblatex localization (PK/MW)
))))
Package biblatex Info: Input encoding 'utf8' detected.
Package biblatex Info: Automatic encoding selection.
(biblatex)             Assuming data encoding 'utf8'.
\openout3 = `main.bcf'.

Package biblatex Info: Trying to load bibliographic data...
Package biblatex Info: ... file 'main.bbl' found.
 (/Users/natashatroth/Documents/FHS/6Semester/Bac2/git/Thesis/main.bbl)
Package biblatex Info: Reference section=0 on input line 152.
Package biblatex Info: Reference segment=0 on input line 152.
 (/Users/natashatroth/Documents/FHS/6Semester/Bac2/git/Thesis/title.tex
<images/FHSLogo.jpg, id=164, 516.93124pt x 333.245pt>
File: images/FHSLogo.jpg Graphic file (type jpg)
<use images/FHSLogo.jpg>
Package pdftex.def Info: images/FHSLogo.jpg  used on input line 76.
(pdftex.def)             Requested size: 142.26378pt x 91.71129pt.
LaTeX Font Info:    Font shape `OT1/ptm/bx/it' in size <20.79> not available
(Font)              Font shape `OT1/ptm/b/it' tried instead on input line 83.
LaTeX Font Info:    Font shape `OT1/ptm/bx/n' in size <20.79> not available
(Font)              Font shape `OT1/ptm/b/n' tried instead on input line 93.

Underfull \hbox (badness 10000) in paragraph at lines 103--105

 []

[1



{/usr/local/texlive/2019/texmf-var/fonts/map/pdftex/updmap/pdftex.map} </Users/natashatroth/Documents/FHS/6Semester/Bac2/git/Thesis/images/FHSLogo.jpg>]) (/Users/natashatroth/Documents/FHS/6Semester/Bac2/git/Thesis/affidavit.tex
LaTeX Font Info:    Font shape `OT1/ptm/bx/n' in size <14.4> not available
(Font)              Font shape `OT1/ptm/b/n' tried instead on input line 12.
LaTeX Font Info:    Trying to load font information for OT1+ztmcm on input line 35.
 (/usr/local/texlive/2019/texmf-dist/tex/latex/psnfss/ot1ztmcm.fd
File: ot1ztmcm.fd 2000/01/03 Fontinst v1.801 font definitions for OT1/ztmcm.
)
LaTeX Font Info:    Trying to load font information for OML+ztmcm on input line 35.
 (/usr/local/texlive/2019/texmf-dist/tex/latex/psnfss/omlztmcm.fd
File: omlztmcm.fd 2000/01/03 Fontinst v1.801 font definitions for OML/ztmcm.
)
LaTeX Font Info:    Trying to load font information for OMS+ztmcm on input line 35.
 (/usr/local/texlive/2019/texmf-dist/tex/latex/psnfss/omsztmcm.fd
File: omsztmcm.fd 2000/01/03 Fontinst v1.801 font definitions for OMS/ztmcm.
)
LaTeX Font Info:    Trying to load font information for OMX+ztmcm on input line 35.
 (/usr/local/texlive/2019/texmf-dist/tex/latex/psnfss/omxztmcm.fd
File: omxztmcm.fd 2000/01/03 Fontinst v1.801 font definitions for OMX/ztmcm.
)
LaTeX Font Info:    Font shape `OT1/ptm/bx/n' in size <12> not available
(Font)              Font shape `OT1/ptm/b/n' tried instead on input line 35.
LaTeX Font Info:    Font shape `OT1/ptm/bx/n' in size <9> not available
(Font)              Font shape `OT1/ptm/b/n' tried instead on input line 35.
LaTeX Font Info:    Font shape `OT1/ptm/bx/n' in size <7> not available
(Font)              Font shape `OT1/ptm/b/n' tried instead on input line 35.
) [1

]
LaTeX Font Info:    Font shape `OT1/ptm/bx/n' in size <17.28> not available
(Font)              Font shape `OT1/ptm/b/n' tried instead on input line 185.
 (/Users/natashatroth/Documents/FHS/6Semester/Bac2/git/Thesis/kurzfassung.tex) [2] (/Users/natashatroth/Documents/FHS/6Semester/Bac2/git/Thesis/abstract.tex) [3] (/Users/natashatroth/Documents/FHS/6Semester/Bac2/git/Thesis/main.toc [4])
\tf@toc=\write5
\openout5 = `main.toc'.

 [5] (/Users/natashatroth/Documents/FHS/6Semester/Bac2/git/Thesis/main.lof
Overfull \hbox (22.43608pt too wide) in paragraph at lines 28--28
 [][] [][][]\OT1/ptm/m/n/12 Comparison of Sil-hou-ette Co-ef-fi-cient, Davies-Bouldin In-dex, and Cali[]nski-Harabasz 
 []


Overfull \hbox (22.43608pt too wide) in paragraph at lines 30--30
 [][] [][][]\OT1/ptm/m/n/12 Comparison of Sil-hou-ette Co-ef-fi-cient, Davies-Bouldin In-dex, and Cali[]nski-Harabasz 
 []


Overfull \hbox (22.43608pt too wide) in paragraph at lines 32--32
 [][] [][][]\OT1/ptm/m/n/12 Comparison of Sil-hou-ette Co-ef-fi-cient, Davies-Bouldin In-dex, and Cali[]nski-Harabasz 
 []


Overfull \hbox (22.43608pt too wide) in paragraph at lines 34--34
 [][] [][][]\OT1/ptm/m/n/12 Comparison of Sil-hou-ette Co-ef-fi-cient, Davies-Bouldin In-dex, and Cali[]nski-Harabasz 
 []

[6]
Overfull \hbox (9.93115pt too wide) in paragraph at lines 36--36
 [][] [][][]\OT1/ptm/m/n/12 Final t-SNE pa-ram-e-ters (1h data files): per-plex-ity=40, n[]iter=5000, learn-ing[]rate=20[][] [][]  
 []


Overfull \hbox (9.93115pt too wide) in paragraph at lines 38--38
 [][] [][][]\OT1/ptm/m/n/12 Final t-SNE pa-ram-e-ters (3h data files): per-plex-ity=40, n[]iter=5000, learn-ing[]rate=20[][] [][]  
 []


LaTeX Warning: Reference `figure:clusteringResults1' on page vii undefined on input line 52.


LaTeX Warning: Reference `figure:clusteringResults2' on page vii undefined on input line 52.


LaTeX Warning: Reference `figure:clusteringResults3' on page vii undefined on input line 52.


LaTeX Warning: Reference `figure:clusteringResults4' on page vii undefined on input line 52.


LaTeX Warning: Reference `figure:clusteringResults5' on page vii undefined on input line 52.

)
\tf@lof=\write6
\openout6 = `main.lof'.

 (/Users/natashatroth/Documents/FHS/6Semester/Bac2/git/Thesis/main.lol)
\tf@lol=\write7
\openout7 = `main.lol'.

 (/Users/natashatroth/Documents/FHS/6Semester/Bac2/git/Thesis/main.lot)
\tf@lot=\write8
\openout8 = `main.lot'.

 [7] (/Users/natashatroth/Documents/FHS/6Semester/Bac2/git/Thesis/body.tex (/Users/natashatroth/Documents/FHS/6Semester/Bac2/git/Thesis/body/introduction.tex
LaTeX Font Info:    Trying to load font information for OT1+pcr on input line 13.
 (/usr/local/texlive/2019/texmf-dist/tex/latex/psnfss/ot1pcr.fd
File: ot1pcr.fd 2001/06/04 font definitions for OT1/pcr.
)
LaTeX Font Info:    Font shape `OT1/ptm/bx/n' in size <10> not available
(Font)              Font shape `OT1/ptm/b/n' tried instead on input line 13.
LaTeX Font Info:    Font shape `OT1/ptm/bx/n' in size <7.4> not available
(Font)              Font shape `OT1/ptm/b/n' tried instead on input line 13.
LaTeX Font Info:    Font shape `OT1/ptm/bx/n' in size <6> not available
(Font)              Font shape `OT1/ptm/b/n' tried instead on input line 13.
LaTeX Font Info:    Trying to load font information for OMS+ptm on input line 34.
 (/usr/local/texlive/2019/texmf-dist/tex/latex/psnfss/omsptm.fd
File: omsptm.fd 
)
LaTeX Font Info:    Font shape `OMS/ptm/m/n' in size <12> not available
(Font)              Font shape `OMS/cmsy/m/n' tried instead on input line 34.
 [1

]) (/Users/natashatroth/Documents/FHS/6Semester/Bac2/git/Thesis/body/relatedWork.tex [2]
<./images/windowSizePerformance.png, id=389, 1389.19pt x 919.435pt>
File: ./images/windowSizePerformance.png Graphic file (type png)
<use ./images/windowSizePerformance.png>
Package pdftex.def Info: ./images/windowSizePerformance.png  used on input line 28.
(pdftex.def)             Requested size: 227.62206pt x 150.64801pt.
 [3 <./images/windowSizePerformance.png>]) (/Users/natashatroth/Documents/FHS/6Semester/Bac2/git/Thesis/body/theory_dataMining.tex [4]) (/Users/natashatroth/Documents/FHS/6Semester/Bac2/git/Thesis/body/theory_dataMining_dataPreprocessing.tex [5]) (/Users/natashatroth/Documents/FHS/6Semester/Bac2/git/Thesis/body/theory_dimensionalityReduction.tex [6] [7]) (/Users/natashatroth/Documents/FHS/6Semester/Bac2/git/Thesis/body/theory_clusterAnalysis.tex [8]) (/Users/natashatroth/Documents/FHS/6Semester/Bac2/git/Thesis/body/theory_clusterAnalysis_overviewClusteringAlgorithms.tex [9] [10]
<./images/sortedKGraphDBSCAN.png, id=501, 562.1pt x 256.96pt>
File: ./images/sortedKGraphDBSCAN.png Graphic file (type png)
<use ./images/sortedKGraphDBSCAN.png>
Package pdftex.def Info: ./images/sortedKGraphDBSCAN.png  used on input line 96.
(pdftex.def)             Requested size: 227.62206pt x 104.05646pt.
 [11 <./images/sortedKGraphDBSCAN.png>]
<./images/reachabilityDistanceOPTICS.png, id=514, 413.545pt x 407.5225pt>
File: ./images/reachabilityDistanceOPTICS.png Graphic file (type png)
<use ./images/reachabilityDistanceOPTICS.png>
Package pdftex.def Info: ./images/reachabilityDistanceOPTICS.png  used on input line 114.
(pdftex.def)             Requested size: 136.57462pt x 134.58855pt.
<./images/reachabilityPlotOPTICS.png, id=518, 849.1725pt x 411.5375pt>
File: ./images/reachabilityPlotOPTICS.png Graphic file (type png)
<use ./images/reachabilityPlotOPTICS.png>
Package pdftex.def Info: ./images/reachabilityPlotOPTICS.png  used on input line 125.
(pdftex.def)             Requested size: 227.62206pt x 110.31282pt.
<./images/clusterExtractionOPTICS.png, id=523, 554.07pt x 291.0875pt>
File: ./images/clusterExtractionOPTICS.png Graphic file (type png)
<use ./images/clusterExtractionOPTICS.png>
Package pdftex.def Info: ./images/clusterExtractionOPTICS.png  used on input line 135.
(pdftex.def)             Requested size: 227.62206pt x 119.58205pt.
 [12 <./images/reachabilityDistanceOPTICS.png> <./images/reachabilityPlotOPTICS.png>]) (/Users/natashatroth/Documents/FHS/6Semester/Bac2/git/Thesis/body/theory_clusterAnalysis_evaluatingClusteringResults.tex [13 <./images/clusterExtractionOPTICS.png>] [14]) (/Users/natashatroth/Documents/FHS/6Semester/Bac2/git/Thesis/body/experiment.tex [15]) (/Users/natashatroth/Documents/FHS/6Semester/Bac2/git/Thesis/body/experiment_preparationDataSet.tex
Underfull \hbox (badness 10000) in paragraph at lines 1--1
[][][][][]$\OT1/pcr/m/n/10 https : / / pandas . pydata . org / pandas-[]docs / stable / reference / api / pandas . read _
 []


Underfull \hbox (badness 10000) in paragraph at lines 1--1
[][][][][]$\OT1/pcr/m/n/10 https : / / pandas . pydata . org / pandas-[]docs / stable / reference / api / pandas .
 []


Underfull \hbox (badness 10000) in paragraph at lines 5--5
[][][][][]$\OT1/pcr/m/n/10 https : / / pandas . pydata . org / pandas-[]docs / stable / reference / api / pandas .
 []

[16]
Underfull \hbox (badness 10000) in paragraph at lines 9--9
[][][][][]$\OT1/pcr/m/n/10 http : / / scikit-[]learn . org / stable / modules / generated / sklearn . preprocessing .
 []

<./images/tsneChain.png, id=598, 875.27pt x 644.4075pt>
File: ./images/tsneChain.png Graphic file (type png)
<use ./images/tsneChain.png>
Package pdftex.def Info: ./images/tsneChain.png  used on input line 30.
(pdftex.def)             Requested size: 318.66948pt x 234.6119pt.
[17]
<./images/pcaChain.png, id=608, 2669.975pt x 1732.4725pt>
File: ./images/pcaChain.png Graphic file (type png)
<use ./images/pcaChain.png>
Package pdftex.def Info: ./images/pcaChain.png  used on input line 38.
(pdftex.def)             Requested size: 318.66948pt x 206.77744pt.


LaTeX Warning: `h' float specifier changed to `ht'.

[18 <./images/tsneChain.png>]
<./images/tsneTestSubjectsColor.png, id=616, 3049.3925pt x 1672.2475pt>
File: ./images/tsneTestSubjectsColor.png Graphic file (type png)
<use ./images/tsneTestSubjectsColor.png>
Package pdftex.def Info: ./images/tsneTestSubjectsColor.png  used on input line 98.
(pdftex.def)             Requested size: 409.71692pt x 224.67198pt.


LaTeX Warning: `h' float specifier changed to `ht'.

<./images/tsneAfterChainRemoved(50Percent).png, id=617, 2605.735pt x 1762.585pt>
File: ./images/tsneAfterChainRemoved(50Percent).png Graphic file (type png)
<use ./images/tsneAfterChainRemoved(50Percent).png>
Package pdftex.def Info: ./images/tsneAfterChainRemoved(50Percent).png  used on input line 105.
(pdftex.def)             Requested size: 409.71692pt x 277.1245pt.

LaTeX Warning: `h' float specifier changed to `ht'.

) (/Users/natashatroth/Documents/FHS/6Semester/Bac2/git/Thesis/body/experiment_dimensionalityReduction.tex
Underfull \hbox (badness 10000) in paragraph at lines 6--6
[][][][][]$\OT1/pcr/m/n/10 https : / / scikit-[]learn . org / stable / modules / generated / sklearn .
 []

[19 <./images/pcaChain.png>]
<./images/pca2d.png, id=630, 2374.8725pt x 1606.0pt>
File: ./images/pca2d.png Graphic file (type png)
<use ./images/pca2d.png>
Package pdftex.def Info: ./images/pca2d.png  used on input line 14.
(pdftex.def)             Requested size: 216.24373pt x 146.22464pt.
<./images/pca3d.png, id=631, 2097.8375pt x 1606.0pt>
File: ./images/pca3d.png Graphic file (type png)
<use ./images/pca3d.png>
Package pdftex.def Info: ./images/pca3d.png  used on input line 21.
(pdftex.def)             Requested size: 216.24373pt x 165.53502pt.
 [20 <./images/tsneTestSubjectsColor.png>]
Underfull \hbox (badness 10000) in paragraph at lines 36--36
[][][][][]$\OT1/pcr/m/n/10 https : / / scikit-[]learn . org / stable / modules / generated / sklearn . manifold .
 []

[21 <./images/tsneAfterChainRemoved(50Percent).png> <./images/pca2d.png> <./images/pca3d.png>]

LaTeX Warning: Reference `appendix:compareAveragePerplexity' on page 22 undefined on input line 42.

[22]
<./images/tsneParametersTest/perplexity/perplexityEvaluationScores.png, id=660, 1565.85pt x 1037.8775pt>
File: ./images/tsneParametersTest/perplexity/perplexityEvaluationScores.png Graphic file (type png)
<use ./images/tsneParametersTest/perplexity/perplexityEvaluationScores.png>
Package pdftex.def Info: ./images/tsneParametersTest/perplexity/perplexityEvaluationScores.png  used on input line 52.
(pdftex.def)             Requested size: 364.19667pt x 241.38321pt.
<./images/tsneParametersTest/perplexity/perplexityEvaluationScoresDetailed.png, id=661, 794.97pt x 1039.885pt>
File: ./images/tsneParametersTest/perplexity/perplexityEvaluationScoresDetailed.png Graphic file (type png)
<use ./images/tsneParametersTest/perplexity/perplexityEvaluationScoresDetailed.png>
Package pdftex.def Info: ./images/tsneParametersTest/perplexity/perplexityEvaluationScoresDetailed.png  used on input line 61.
(pdftex.def)             Requested size: 182.09486pt x 238.18474pt.


LaTeX Warning: Reference `figure:learningRateEvaluationScoresDetailed' on page 23 undefined on input line 68.


LaTeX Warning: Reference `appendix:comparelearningRateDetailed' on page 23 undefined on input line 68.


LaTeX Warning: Reference `figure:learningRateEvaluationScoresDetailed2' on page 23 undefined on input line 68.


LaTeX Warning: Reference `appendix:comparelearningRateDetailed' on page 23 undefined on input line 68.


LaTeX Warning: Reference `appendix:compareAverageLearningRate' on page 23 undefined on input line 70.


LaTeX Warning: Reference `appendig:compareLearningRate20and800' on page 23 undefined on input line 70.


LaTeX Warning: Reference `figure:learningRateEvaluationScoresAverageDetailed4' on page 23 undefined on input line 70.


LaTeX Warning: Reference `figure:1h-learningRateComparison20and800' on page 23 undefined on input line 70.


LaTeX Warning: Reference `figure:3h-learningRateComparison20and800' on page 23 undefined on input line 70.

[23 <./images/tsneParametersTest/perplexity/perplexityEvaluationScores.png>]
<./images/tsneParametersTest/learningRate/learningRateEvaluationScores.png, id=673, 1634.105pt x 1043.9pt>
File: ./images/tsneParametersTest/learningRate/learningRateEvaluationScores.png Graphic file (type png)
<use ./images/tsneParametersTest/learningRate/learningRateEvaluationScores.png>
Package pdftex.def Info: ./images/tsneParametersTest/learningRate/learningRateEvaluationScores.png  used on input line 79.
(pdftex.def)             Requested size: 364.19667pt x 232.65329pt.
<./images/tsneParametersTest/learningRate/learningRateEvaluationScoresDetailed3.png, id=674, 1397.22pt x 1047.915pt>
File: ./images/tsneParametersTest/learningRate/learningRateEvaluationScoresDetailed3.png Graphic file (type png)
<use ./images/tsneParametersTest/learningRate/learningRateEvaluationScoresDetailed3.png>
Package pdftex.def Info: ./images/tsneParametersTest/learningRate/learningRateEvaluationScoresDetailed3.png  used on input line 100.
(pdftex.def)             Requested size: 364.19667pt x 273.13904pt.
<./images/tsneParametersTest/1h-1-finalTSNE.png, id=675, 2411.0075pt x 1724.4425pt>
File: ./images/tsneParametersTest/1h-1-finalTSNE.png Graphic file (type png)
<use ./images/tsneParametersTest/1h-1-finalTSNE.png>
Package pdftex.def Info: ./images/tsneParametersTest/1h-1-finalTSNE.png  used on input line 110.
(pdftex.def)             Requested size: 204.85846pt x 146.50989pt.
<./images/tsneParametersTest/1h-1-finalTSNEDBSCAN.png, id=676, 2411.0075pt x 1724.4425pt>
File: ./images/tsneParametersTest/1h-1-finalTSNEDBSCAN.png Graphic file (type png)
<use ./images/tsneParametersTest/1h-1-finalTSNEDBSCAN.png>
Package pdftex.def Info: ./images/tsneParametersTest/1h-1-finalTSNEDBSCAN.png  used on input line 116.
(pdftex.def)             Requested size: 204.85846pt x 146.50989pt.
<./images/tsneParametersTest/3h-1-finalTSNE.png, id=677, 2411.0075pt x 1722.435pt>
File: ./images/tsneParametersTest/3h-1-finalTSNE.png Graphic file (type png)
<use ./images/tsneParametersTest/3h-1-finalTSNE.png>
Package pdftex.def Info: ./images/tsneParametersTest/3h-1-finalTSNE.png  used on input line 129.
(pdftex.def)             Requested size: 204.85846pt x 146.33932pt.
<./images/tsneParametersTest/3h-1-finalTSNEDBSCAN.png, id=678, 2411.0075pt x 1722.435pt>
File: ./images/tsneParametersTest/3h-1-finalTSNEDBSCAN.png Graphic file (type png)
<use ./images/tsneParametersTest/3h-1-finalTSNEDBSCAN.png>
Package pdftex.def Info: ./images/tsneParametersTest/3h-1-finalTSNEDBSCAN.png  used on input line 135.
(pdftex.def)             Requested size: 204.85846pt x 146.33932pt.
) (/Users/natashatroth/Documents/FHS/6Semester/Bac2/git/Thesis/body/experiment_clustering.tex [24 <./images/tsneParametersTest/perplexity/perplexityEvaluationScoresDetailed.png>]
Underfull \hbox (badness 10000) in paragraph at lines 4--4
[][][][][]$\OT1/pcr/m/n/10 https : / / scikit-[]learn . org / stable / modules / generated / sklearn . cluster .
 []

<./images/kDistGraphDBSCAN1h.png, id=691, 901.3675pt x 662.475pt>
File: ./images/kDistGraphDBSCAN1h.png Graphic file (type png)
<use ./images/kDistGraphDBSCAN1h.png>
Package pdftex.def Info: ./images/kDistGraphDBSCAN1h.png  used on input line 26.
(pdftex.def)             Requested size: 198.03008pt x 145.54277pt.
<./images/kDistGraphDBSCAN3h.png, id=692, 941.5175pt x 692.5875pt>
File: ./images/kDistGraphDBSCAN3h.png Graphic file (type png)
<use ./images/kDistGraphDBSCAN3h.png>
Package pdftex.def Info: ./images/kDistGraphDBSCAN3h.png  used on input line 33.
(pdftex.def)             Requested size: 227.62206pt x 167.43971pt.
[25 <./images/tsneParametersTest/learningRate/learningRateEvaluationScores.png>] [26 <./images/tsneParametersTest/learningRate/learningRateEvaluationScoresDetailed3.png> <./images/tsneParametersTest/1h-1-finalTSNE.png> <./images/tsneParametersTest/1h-1-finalTSNEDBSCAN.png>]
<./images/clusteringResults/1h-1-DBSCAN.png, id=709, 2411.0075pt x 1724.4425pt>
File: ./images/clusteringResults/1h-1-DBSCAN.png Graphic file (type png)
<use ./images/clusteringResults/1h-1-DBSCAN.png>
Package pdftex.def Info: ./images/clusteringResults/1h-1-DBSCAN.png  used on input line 48.
(pdftex.def)             Requested size: 227.62206pt x 162.79753pt.
<./images/clusteringResults/3h-1-DBSCAN.png, id=710, 2411.0075pt x 1724.4425pt>
File: ./images/clusteringResults/3h-1-DBSCAN.png Graphic file (type png)
<use ./images/clusteringResults/3h-1-DBSCAN.png>
Package pdftex.def Info: ./images/clusteringResults/3h-1-DBSCAN.png  used on input line 55.
(pdftex.def)             Requested size: 227.62206pt x 162.79753pt.
 [27 <./images/tsneParametersTest/3h-1-finalTSNE.png> <./images/tsneParametersTest/3h-1-finalTSNEDBSCAN.png> <./images/kDistGraphDBSCAN1h.png> <./images/kDistGraphDBSCAN3h.png>]
Underfull \hbox (badness 10000) in paragraph at lines 69--69
[][][][][]$\OT1/pcr/m/n/10 https : / / scikit-[]learn . org / stable / modules / generated / sklearn . cluster .
 []

<./images/clusteringResults/1h-1-OPTICS-xi.png, id=725, 2411.0075pt x 1724.4425pt>
File: ./images/clusteringResults/1h-1-OPTICS-xi.png Graphic file (type png)
<use ./images/clusteringResults/1h-1-OPTICS-xi.png>
Package pdftex.def Info: ./images/clusteringResults/1h-1-OPTICS-xi.png  used on input line 81.
(pdftex.def)             Requested size: 227.62206pt x 162.79753pt.
<./images/clusteringResults/3h-1-OPTICS-xi.png, id=726, 2411.0075pt x 1724.4425pt>
File: ./images/clusteringResults/3h-1-OPTICS-xi.png Graphic file (type png)
<use ./images/clusteringResults/3h-1-OPTICS-xi.png>
Package pdftex.def Info: ./images/clusteringResults/3h-1-OPTICS-xi.png  used on input line 88.
(pdftex.def)             Requested size: 227.62206pt x 162.79753pt.
[28 <./images/clusteringResults/1h-1-DBSCAN.png> <./images/clusteringResults/3h-1-DBSCAN.png>]
<./images/clusteringResults/1h-1-reachabilityPlot-xi.png, id=735, 3135.715pt x 1724.4425pt>
File: ./images/clusteringResults/1h-1-reachabilityPlot-xi.png Graphic file (type png)
<use ./images/clusteringResults/1h-1-reachabilityPlot-xi.png>
Package pdftex.def Info: ./images/clusteringResults/1h-1-reachabilityPlot-xi.png  used on input line 100.
(pdftex.def)             Requested size: 227.62206pt x 125.17018pt.
<./images/clusteringResults/3h-1-reachabilityPlot-xi.png, id=736, 3135.715pt x 1724.4425pt>
File: ./images/clusteringResults/3h-1-reachabilityPlot-xi.png Graphic file (type png)
<use ./images/clusteringResults/3h-1-reachabilityPlot-xi.png>
Package pdftex.def Info: ./images/clusteringResults/3h-1-reachabilityPlot-xi.png  used on input line 106.
(pdftex.def)             Requested size: 227.62206pt x 125.17018pt.
<./images/clusteringResults/1h-1-OPTICS.png, id=737, 2411.0075pt x 1724.4425pt>
File: ./images/clusteringResults/1h-1-OPTICS.png Graphic file (type png)
<use ./images/clusteringResults/1h-1-OPTICS.png>
Package pdftex.def Info: ./images/clusteringResults/1h-1-OPTICS.png  used on input line 118.
(pdftex.def)             Requested size: 227.62206pt x 162.79753pt.
<./images/clusteringResults/3h-1-OPTICS.png, id=738, 2411.0075pt x 1724.4425pt>
File: ./images/clusteringResults/3h-1-OPTICS.png Graphic file (type png)
<use ./images/clusteringResults/3h-1-OPTICS.png>
Package pdftex.def Info: ./images/clusteringResults/3h-1-OPTICS.png  used on input line 125.
(pdftex.def)             Requested size: 227.62206pt x 162.79753pt.
 [29 <./images/clusteringResults/1h-1-OPTICS-xi.png> <./images/clusteringResults/3h-1-OPTICS-xi.png> <./images/clusteringResults/1h-1-reachabilityPlot-xi.png> <./images/clusteringResults/3h-1-reachabilityPlot-xi.png>]
<./images/clusteringResults/1h-1-reachabilityPlot.png, id=748, 3135.715pt x 1724.4425pt>
File: ./images/clusteringResults/1h-1-reachabilityPlot.png Graphic file (type png)
<use ./images/clusteringResults/1h-1-reachabilityPlot.png>
Package pdftex.def Info: ./images/clusteringResults/1h-1-reachabilityPlot.png  used on input line 137.
(pdftex.def)             Requested size: 227.62206pt x 125.17018pt.
<./images/clusteringResults/3h-1-reachabilityPlot.png, id=749, 3135.715pt x 1724.4425pt>
File: ./images/clusteringResults/3h-1-reachabilityPlot.png Graphic file (type png)
<use ./images/clusteringResults/3h-1-reachabilityPlot.png>
Package pdftex.def Info: ./images/clusteringResults/3h-1-reachabilityPlot.png  used on input line 144.
(pdftex.def)             Requested size: 227.62206pt x 125.17018pt.
)
Overfull \hbox (13.39928pt too wide) in paragraph at lines 59--59
|[]\OT1/ptm/b/n/14.4 Comparison and eval-u-a-tion of clus-ter re-sults from dif-fer-ent time lengths| 
 []

(/Users/natashatroth/Documents/FHS/6Semester/Bac2/git/Thesis/body/experiment_comparisionTimeLengths.tex

LaTeX Warning: Reference `figure:clusteringResults1' on page 30 undefined on input line 13.


LaTeX Warning: Reference `figure:clusteringResults2' on page 30 undefined on input line 13.


LaTeX Warning: Reference `figure:clusteringResults3' on page 30 undefined on input line 13.


LaTeX Warning: Reference `figure:clusteringResults4' on page 30 undefined on input line 13.


LaTeX Warning: Reference `figure:clusteringResults5' on page 30 undefined on input line 13.

[30 <./images/clusteringResults/1h-1-OPTICS.png> <./images/clusteringResults/3h-1-OPTICS.png> <./images/clusteringResults/1h-1-reachabilityPlot.png> <./images/clusteringResults/3h-1-reachabilityPlot.png>]
<./images/clusteringResults/clusteringResults6.png, id=770, 1400.23125pt x 1041.8925pt>
File: ./images/clusteringResults/clusteringResults6.png Graphic file (type png)
<use ./images/clusteringResults/clusteringResults6.png>
Package pdftex.def Info: ./images/clusteringResults/clusteringResults6.png  used on input line 74.
(pdftex.def)             Requested size: 364.19667pt x 270.98105pt.


LaTeX Warning: Reference `figure:clusteringResults1' on page 31 undefined on input line 75.


LaTeX Warning: Reference `figure:clusteringResults2' on page 31 undefined on input line 75.


LaTeX Warning: Reference `figure:clusteringResults3' on page 31 undefined on input line 75.


LaTeX Warning: Reference `figure:clusteringResults4' on page 31 undefined on input line 75.


LaTeX Warning: Reference `figure:clusteringResults5' on page 31 undefined on input line 75.


LaTeX Warning: Reference `figure:clusteringResults1' on page 31 undefined on input line 75.


LaTeX Warning: Reference `figure:clusteringResults2' on page 31 undefined on input line 75.


LaTeX Warning: Reference `figure:clusteringResults3' on page 31 undefined on input line 75.


LaTeX Warning: Reference `figure:clusteringResults4' on page 31 undefined on input line 75.


LaTeX Warning: Reference `figure:clusteringResults5' on page 31 undefined on input line 75.

<./images/clusteringResults/clusteringResultsGraph1h.png, id=771, 1300.86pt x 1045.9075pt>
File: ./images/clusteringResults/clusteringResultsGraph1h.png Graphic file (type png)
<use ./images/clusteringResults/clusteringResultsGraph1h.png>
Package pdftex.def Info: ./images/clusteringResults/clusteringResultsGraph1h.png  used on input line 86.
(pdftex.def)             Requested size: 259.4918pt x 208.63518pt.

Overfull \hbox (43.24808pt too wide) in paragraph at lines 86--87
 [][] 
 []

<./images/clusteringResults/clusteringResultsGraph3h.png, id=772, 1210.5225pt x 927.465pt>
File: ./images/clusteringResults/clusteringResultsGraph3h.png Graphic file (type png)
<use ./images/clusteringResults/clusteringResultsGraph3h.png>
Package pdftex.def Info: ./images/clusteringResults/clusteringResultsGraph3h.png  used on input line 93.
(pdftex.def)             Requested size: 259.4918pt x 198.8067pt.

Overfull \hbox (43.24808pt too wide) in paragraph at lines 93--94
 [] 
 []

<./images/clusteringResults/clusteringResultsGraphTotal.png, id=773, 1439.3775pt x 1039.885pt>
File: ./images/clusteringResults/clusteringResultsGraphTotal.png Graphic file (type png)
<use ./images/clusteringResults/clusteringResultsGraphTotal.png>
Package pdftex.def Info: ./images/clusteringResults/clusteringResultsGraphTotal.png  used on input line 118.
(pdftex.def)             Requested size: 318.66948pt x 230.21933pt.
<./images/clusteringResults/clusteringResults8.png, id=774, 1207.51125pt x 457.71pt>
File: ./images/clusteringResults/clusteringResults8.png Graphic file (type png)
<use ./images/clusteringResults/clusteringResults8.png>
Package pdftex.def Info: ./images/clusteringResults/clusteringResults8.png  used on input line 139.
(pdftex.def)             Requested size: 364.19667pt x 138.04738pt.
[31] [32 <./images/clusteringResults/clusteringResults6.png>] [33 <./images/clusteringResults/clusteringResultsGraph1h.png> <./images/clusteringResults/clusteringResultsGraph3h.png> <./images/clusteringResults/clusteringResultsGraphTotal.png>] [34 <./images/clusteringResults/clusteringResults8.png>]) (/Users/natashatroth/Documents/FHS/6Semester/Bac2/git/Thesis/body/discussion.tex
<./images/clusteringResults/clusteringResults7.png, id=805, 607.26875pt x 519.9425pt>
File: ./images/clusteringResults/clusteringResults7.png Graphic file (type png)
<use ./images/clusteringResults/clusteringResults7.png>
Package pdftex.def Info: ./images/clusteringResults/clusteringResults7.png  used on input line 16.
(pdftex.def)             Requested size: 227.62206pt x 194.88275pt.
 [35

 <./images/clusteringResults/clusteringResults7.png>]
Underfull \hbox (badness 10000) in paragraph at lines 41--41
[][][][][]$\OT1/pcr/m/n/10 https : / / humanstress . ca / stress / understand-[]your-[]stress /
 []

[36]) (/Users/natashatroth/Documents/FHS/6Semester/Bac2/git/Thesis/body/conclusion.tex)) [37] [38] [39] [40] (/Users/natashatroth/Documents/FHS/6Semester/Bac2/git/Thesis/appendix.tex
LaTeX Font Info:    Font shape `OT1/ptm/bx/n' in size <24.88> not available
(Font)              Font shape `OT1/ptm/b/n' tried instead on input line 1.
 [41

]
Overfull \hbox (13.03906pt too wide) in paragraph at lines 70--71
[]\OT1/ptm/m/n/12 Rohdaten und auf-bere-it-ete Daten der Evaluierun-gen (Log-Daten, Tabellen, Graphen, Scripts,
 []


Underfull \hbox (badness 10000) in paragraph at lines 83--84
[][]$\OT1/pcr/m/n/12 https : / / web . archive . org / web / 20200623170602 / https : / / distill . pub /
 []

)
Package atveryend Info: Empty hook `BeforeClearDocument' on input line 259.
 [42]
Package atveryend Info: Empty hook `AfterLastShipout' on input line 259.
 (/Users/natashatroth/Documents/FHS/6Semester/Bac2/git/Thesis/main.aux)
Package atveryend Info: Executing hook `AtVeryEndDocument' on input line 259.
Package atveryend Info: Executing hook `AtEndAfterFileList' on input line 259.
Package rerunfilecheck Info: File `main.out' has not changed.
(rerunfilecheck)             Checksum: 88897E7A619BA22BB1730C25077E3806;2805.


LaTeX Warning: There were undefined references.


LaTeX Warning: There were multiply-defined labels.

Package logreq Info: Writing requests to 'main.run.xml'.
\openout1 = `main.run.xml'.

Package atveryend Info: Empty hook `AtVeryVeryEnd' on input line 259.
 ) 
Here is how much of TeX's memory you used:
 21946 strings out of 492162
 386563 string characters out of 6125292
 1209409 words of memory out of 5000000
 25633 multiletter control sequences out of 15000+600000
 52315 words of font info for 113 fonts, out of 8000000 for 9000
 1143 hyphenation exceptions out of 8191
 80i,9n,131p,1828b,8674s stack positions out of 5000i,500n,10000p,200000b,80000s
{/usr/local/texlive/2019/texmf-dist/fonts/enc/dvips/base/8r.enc}</usr/local/texlive/2019/texmf-dist/fonts/type1/public/amsfonts/cm/cmex10.pfb></usr/local/texlive/2019/texmf-dist/fonts/type1/public/amsfonts/cm/cmmi10.pfb></usr/local/texlive/2019/texmf-dist/fonts/type1/public/amsfonts/cm/cmr10.pfb></usr/local/texlive/2019/texmf-dist/fonts/type1/public/amsfonts/cm/cmsy10.pfb></usr/local/texlive/2019/texmf-dist/fonts/type1/urw/courier/ucrr8a.pfb></usr/local/texlive/2019/texmf-dist/fonts/type1/urw/symbol/usyr.pfb></usr/local/texlive/2019/texmf-dist/fonts/type1/urw/symbol/usyr.pfb></usr/local/texlive/2019/texmf-dist/fonts/type1/urw/times/utmb8a.pfb></usr/local/texlive/2019/texmf-dist/fonts/type1/urw/times/utmbi8a.pfb></usr/local/texlive/2019/texmf-dist/fonts/type1/urw/times/utmr8a.pfb></usr/local/texlive/2019/texmf-dist/fonts/type1/urw/times/utmr8a.pfb></usr/local/texlive/2019/texmf-dist/fonts/type1/urw/times/utmri8a.pfb>
Output written on /Users/natashatroth/Documents/FHS/6Semester/Bac2/git/Thesis/main.pdf (50 pages, 3857513 bytes).
PDF statistics:
 964 PDF objects out of 1000 (max. 8388607)
 809 compressed objects within 9 object streams
 173 named destinations out of 1000 (max. 500000)
 511 words of extra memory for PDF output out of 10000 (max. 10000000)

