\BOOKMARK [1][-]{section.1}{Introduction}{}% 1
\BOOKMARK [1][-]{section.2}{Related work}{}% 2
\BOOKMARK [1][-]{section.3}{Theory/Literature Review}{}% 3
\BOOKMARK [2][-]{subsection.3.1}{Data Mining}{section.3}% 4
\BOOKMARK [2][-]{subsection.3.2}{Data Preprocessing}{section.3}% 5
\BOOKMARK [3][-]{subsubsection.3.2.1}{Noisy Data}{subsection.3.2}% 6
\BOOKMARK [3][-]{subsubsection.3.2.2}{Missing Values}{subsection.3.2}% 7
\BOOKMARK [3][-]{subsubsection.3.2.3}{Normalisation}{subsection.3.2}% 8
\BOOKMARK [3][-]{subsubsection.3.2.4}{Data Transformation}{subsection.3.2}% 9
\BOOKMARK [2][-]{subsection.3.3}{Dimensionality Reduction}{section.3}% 10
\BOOKMARK [3][-]{subsubsection.3.3.1}{Principal Components Analysis \(PCA\)}{subsection.3.3}% 11
\BOOKMARK [3][-]{subsubsection.3.3.2}{t-Distributed Stochastic Neighbor Embedding \(t-SNE\)}{subsection.3.3}% 12
\BOOKMARK [2][-]{subsection.3.4}{Cluster Analysis}{section.3}% 13
\BOOKMARK [3][-]{subsubsection.3.4.1}{Overview of Clustering Algorithms}{subsection.3.4}% 14
\BOOKMARK [3][-]{subsubsection.3.4.2}{Evaluating Clustering Results}{subsection.3.4}% 15
\BOOKMARK [2][-]{subsection.3.5}{Data Visualisation with t-SNE}{section.3}% 16
\BOOKMARK [1][-]{section.4}{Experiment/Method?}{}% 17
\BOOKMARK [2][-]{subsection.4.1}{Preparation of the Data Set}{section.4}% 18
\BOOKMARK [3][-]{subsubsection.4.1.1}{Missing Values}{subsection.4.1}% 19
\BOOKMARK [3][-]{subsubsection.4.1.2}{Normalisation}{subsection.4.1}% 20
\BOOKMARK [3][-]{subsubsection.4.1.3}{Removal of unnecessary columns}{subsection.4.1}% 21
\BOOKMARK [2][-]{subsection.4.2}{Dimensionality Reduction}{section.4}% 22
\BOOKMARK [2][-]{subsection.4.3}{Clustering}{section.4}% 23
\BOOKMARK [2][-]{subsection.4.4}{Comparison and Evaluation of clusters of different time lengths}{section.4}% 24
\BOOKMARK [3][-]{subsubsection.4.4.1}{Mathmatical Evaluation}{subsection.4.4}% 25
\BOOKMARK [3][-]{subsubsection.4.4.2}{User Evaluation}{subsection.4.4}% 26
\BOOKMARK [1][-]{section.5}{Discussion}{}% 27
\BOOKMARK [1][-]{section.6}{Conclusion}{}% 28
\BOOKMARK [1][-]{section*.3}{Appendices}{}% 29
\BOOKMARK [1][-]{Appendix.a.A}{git-Repository}{}% 30
\BOOKMARK [1][-]{Appendix.a.B}{Vorlagen f\374r Studienmaterial}{}% 31
\BOOKMARK [1][-]{Appendix.a.C}{Archivierte Webseiten}{}% 32
